Can not get content from the http://google.com/www.google.com/support/websearch/bin/answer.py?answer=35892&hl=uk&p=settings_help
Can not get content from the http://google.com/support.google.com/websearch?p=ws_settings_safesearch&hl=uk
Can not get content from the http://google.com/support.google.com/websearch?p=ws_settings_safesearch_lock&hl=uk&authuser=0
Can not get content from the http://google.com/support.google.com/websearch?p=adv_safesearch&hl=uk
Can not get content from the http://google.com/support.google.com/websearch?p=ws_images_usagerights&hl=uk
Can not get content from the http://google.com/support.google.com/websearch?p=adv_pages_similar&hl=uk
Can not get content from the http://google.com/support.google.com/websearch?p=adv_pages_visited&hl=uk
Can not get content from the http://google.com/support.google.com/websearch?p=adv_operators&hl=uk
Can not get content from the http://google.com/javascript:void(0);
Can not get content from the http://google.com/intl/uk/about.html/./
Can not get content from the http://google.com/intl/uk/about.html/./our-company/
Can not get content from the http://google.com/intl/uk/about.html/./our-commitments/
Can not get content from the http://google.com/intl/uk/about.html/./products/
Can not get content from the http://google.com/intl/uk/about.html/./stories/soundwaves/
Can not get content from the http://google.com/intl/uk/about.html/./stories/rainforest/
Can not get content from the http://google.com/intl/uk/about.html/./stories/eyes/
Can not get content from the http://google.com/intl/uk/about.html/./stories/
Can not get content from the http://google.com/intl/uk/about.html/./locations/
Can not get content from the http://google.com/intl/uk/about.html/./appsecurity/
Can not get content from the http://google.com/intl/uk/about.html/./software-principles.html
Can not get content from the http://google.com/intl/uk/about.html/./unwanted-software-policy.html
Can not get content from the http://google.com/intl/uk/about.html/./responsible-supply-chain/
Can not get content from the http://google.com/about.html/./
Can not get content from the http://google.com/about.html/./our-company/
Can not get content from the http://google.com/about.html/./our-commitments/
Can not get content from the http://google.com/about.html/./products/
Can not get content from the http://google.com/about.html/./stories/soundwaves/
Can not get content from the http://google.com/about.html/./stories/rainforest/
Can not get content from the http://google.com/about.html/./stories/eyes/
Can not get content from the http://google.com/about.html/./stories/
Can not get content from the http://google.com/about.html/./locations/
Can not get content from the http://google.com/about.html/./appsecurity/
Can not get content from the http://google.com/about.html/./software-principles.html
Can not get content from the http://google.com/about.html/./unwanted-software-policy.html
Can not get content from the http://google.com/about.html/./responsible-supply-chain/
Can not get content from the http://google.com/myaccount.google.com/
Can not get content from the http://google.com/www.google.com/intl/en/privacy.html
Can not get content from the http://google.com/chrome/answer/95647
Can not get content from the http://google.com/accounts/answer/32050
Can not get content from the http://google.com/chrome/answer/95464
Can not get content from the http://google.com/accounts/answer/39612
Can not get content from the http://google.com/accounts/answer/27441?hl=en&ref_topic=3382296
Can not get content from the http://google.com/accounts/answer/32040?hl=en&ref_topic=3382296
Can not get content from the http://google.com/accounts/answer/114129?hl=en&ref_topic=3382296
Can not get content from the http://google.com/accounts/answer/6304920?hl=en&ref_topic=3382296
Can not get content from the http://google.com/accounts/answer/58585?hl=en&ref_topic=3382296
Can not get content from the http://google.com/accounts/answer/3265955?hl=en&ref_topic=3382296
Can not get content from the http://google.com/accounts/answer/3118687?hl=en&ref_topic=3382296
Can not get content from the http://google.com/accounts/answer/183723?hl=en&ref_topic=3382296
Can not get content from the http://google.com/accounts/troubleshooter/2402620?hl=en&ref_topic=3382296
Can not get content from the http://google.com/www.google.com/support/websearch/bin/answer.py?answer=35892&hl=en&p=settings_help
Can not get content from the http://google.com/support.google.com/websearch?p=ws_settings_safesearch&hl=en
Can not get content from the http://google.com/support.google.com/websearch?p=ws_settings_safesearch_lock&hl=en-UA&authuser=0
Can not get content from the http://google.com/support.google.com/websearch?p=adv_safesearch&hl=en
Can not get content from the http://google.com/support.google.com/websearch?p=ws_images_usagerights&hl=en
Can not get content from the http://google.com/support.google.com/websearch?p=adv_pages_similar&hl=en
Can not get content from the http://google.com/support.google.com/websearch?p=adv_pages_visited&hl=en
Can not get content from the http://google.com/support.google.com/websearch?p=adv_operators&hl=en
Can not get content from the http://google.com/tel:1-800-881-0357
Can not get content from the http://google.com/support.google.com/ads/?hl=en
Can not get content from the http://google.com/www.google.com
Can not get content from the http://google.com/www.google.com/intl/en/policies/privacy/
Can not get content from the http://google.com/www.google.com/intl/en/policies/terms/
Can not get content from the http://google.com/intl/en/about.html/./
Can not get content from the http://google.com/intl/en/about.html/./our-company/
Can not get content from the http://google.com/intl/en/about.html/./our-commitments/
Can not get content from the http://google.com/intl/en/about.html/./products/
Can not get content from the http://google.com/intl/en/about.html/./stories/soundwaves/
Can not get content from the http://google.com/intl/en/about.html/./stories/rainforest/
Can not get content from the http://google.com/intl/en/about.html/./stories/eyes/
Can not get content from the http://google.com/intl/en/about.html/./stories/
Can not get content from the http://google.com/intl/en/about.html/./locations/
Can not get content from the http://google.com/intl/en/about.html/./appsecurity/
Can not get content from the http://google.com/intl/en/about.html/./software-principles.html
Can not get content from the http://google.com/intl/en/about.html/./unwanted-software-policy.html
Can not get content from the http://google.com/intl/en/about.html/./responsible-supply-chain/
Can not get content from the http://google.com/everyone/start/
Can not get content from the http://google.com/families/start/
Can not get content from the http://google.com/learn/
Can not get content from the http://google.com/connect/
Can not get content from the http://google.com/contact/../press/blog-social-directory.html/../press/
Can not get content from the http://google.com/contact/../press/blog-social-directory.html/../about/
Can not get content from the http://google.com/contact/../press/blog-social-directory.html/../press/images.html
Can not get content from the http://google.com/contact/../press/blog-social-directory.html/../about/company/
Can not get content from the http://google.com/contact/../press/blog-social-directory.html/../about/company/facts/
Can not get content from the http://google.com/contact/../press/blog-social-directory.html/../about/company/philosophy/
Can not get content from the http://google.com/contact/../press/blog-social-directory.html/../about/company/products/
Can not get content from the http://google.com/contact/../press/blog-social-directory.html/../about/careers/
Can not get content from the http://google.com/contact/../press/blog-social-directory.html/../about/careers/locations/
Can not get content from the http://google.com/contact/../press/blog-social-directory.html/../contact/
Can not get content from the http://google.com/locations/waterloo/
Can not get content from the http://google.com/locations/montreal/
Can not get content from the http://google.com/locations/toronto/
Can not get content from the http://google.com/locations/ann-arbor/
Can not get content from the http://google.com/locations/atlanta/
Can not get content from the http://google.com/locations/austin/
Can not get content from the http://google.com/locations/berkeley-county/
Can not get content from the http://google.com/locations/birmingham/
Can not get content from the http://google.com/locations/boulder/
Can not get content from the http://google.com/locations/cambridge/
Can not get content from the http://google.com/locations/chapel-hill/
Can not get content from the http://google.com/locations/chicago/
Can not get content from the http://google.com/locations/council-bluffs/
Can not get content from the http://google.com/locations/dallas/
Can not get content from the http://google.com/locations/douglas-county/
Can not get content from the http://google.com/locations/irvine/
Can not get content from the http://google.com/locations/lenoir/
Can not get content from the http://google.com/locations/los-angeles/
Can not get content from the http://google.com/locations/madison/
Can not get content from the http://google.com/locations/mayes-county/
Can not get content from the http://google.com/locations/miami/
Can not get content from the http://google.com/locations/mountain-view/
Can not get content from the http://google.com/locations/new-york/
Can not get content from the http://google.com/locations/pittsburgh/
Can not get content from the http://google.com/locations/portland/
Can not get content from the http://google.com/locations/reston/
Can not get content from the http://google.com/locations/san-bruno/
Can not get content from the http://google.com/locations/san-francisco/
Can not get content from the http://google.com/locations/seattle-kirkland/
Can not get content from the http://google.com/locations/sunnyvale/
Can not get content from the http://google.com/locations/the-dalles/
Can not get content from the http://google.com/locations/thornton/
Can not get content from the http://google.com/locations/washington-dc/
Can not get content from the http://google.com/locations/buenos-aires/
Can not get content from the http://google.com/locations/belo-horizonte/
Can not get content from the http://google.com/locations/sao-paulo/
Can not get content from the http://google.com/locations/santiago/
Can not get content from the http://google.com/locations/bogota/
Can not get content from the http://google.com/locations/mexico-city/
Can not get content from the http://google.com/locations/lima/
Can not get content from the http://google.com/locations/vienna/
Can not get content from the http://google.com/locations/brussels/
Can not get content from the http://google.com/locations/saint-ghislain/
Can not get content from the http://google.com/locations/zagreb/
Can not get content from the http://google.com/locations/prague/
Can not get content from the http://google.com/locations/aarhus/
Can not get content from the http://google.com/locations/copenhagen/
Can not get content from the http://google.com/locations/hamina/
Can not get content from the http://google.com/locations/helsinki/
Can not get content from the http://google.com/locations/paris/
Can not get content from the http://google.com/locations/berlin/
Can not get content from the http://google.com/locations/frankfurt/
Can not get content from the http://google.com/locations/hamburg/
Can not get content from the http://google.com/locations/lubeck/
Can not get content from the http://google.com/locations/munich/
Can not get content from the http://google.com/locations/athens/
Can not get content from the http://google.com/locations/budapest/
Can not get content from the http://google.com/locations/dublin/
Can not get content from the http://google.com/locations/milan/
Can not get content from the http://google.com/locations/rome/
Can not get content from the http://google.com/locations/amsterdam/
Can not get content from the http://google.com/locations/eemshaven/
Can not get content from the http://google.com/locations/oslo/
Can not get content from the http://google.com/locations/warsaw/
Can not get content from the http://google.com/locations/wroclaw/
Can not get content from the http://google.com/locations/lisbon/
Can not get content from the http://google.com/locations/moscow/
Can not get content from the http://google.com/locations/madrid/
Can not get content from the http://google.com/locations/bratislava/
Can not get content from the http://google.com/locations/stockholm/
Can not get content from the http://google.com/locations/zurich/
Can not get content from the http://google.com/locations/london/
Can not get content from the http://google.com/locations/sydney/
Can not get content from the http://google.com/locations/beijing/
Can not get content from the http://google.com/locations/guangzhou/
Can not get content from the http://google.com/locations/hong-kong/
Can not get content from the http://google.com/locations/shanghai/
Can not get content from the http://google.com/locations/bangalore/
Can not get content from the http://google.com/locations/gurgaon/
Can not get content from the http://google.com/locations/hyderabad/
Can not get content from the http://google.com/locations/mumbai/
Can not get content from the http://google.com/locations/jakarta/
Can not get content from the http://google.com/locations/osaka/
Can not get content from the http://google.com/locations/tokyo/
Can not get content from the http://google.com/locations/kuala-lumpur/
Can not get content from the http://google.com/locations/auckland/
Can not get content from the http://google.com/locations/manila/
Can not get content from the http://google.com/locations/sing/
Can not get content from the http://google.com/locations/seoul/
Can not get content from the http://google.com/locations/changhua-county/
Can not get content from the http://google.com/locations/taipei/
Can not get content from the http://google.com/locations/bangkok/
Can not get content from the http://google.com/locations/tel-aviv-haifa/
Can not get content from the http://google.com/locations/nairobi/
Can not get content from the http://google.com/locations/lagos/
Can not get content from the http://google.com/locations/dakar/
Can not get content from the http://google.com/locations/johannesburg/
Can not get content from the http://google.com/locations/istanbul/
Can not get content from the http://google.com/locations/dubai/
Can not get content from the http://google.com/permissions/../permissions/using-the-logo.html/../permissions/
Can not get content from the http://google.com/permissions/../permissions/using-the-logo.html/../permissions/using-product-graphics.html
Can not get content from the http://google.com/permissions/../permissions/using-the-logo.html/../permissions/geoguidelines.html
Can not get content from the http://google.com/permissions/../permissions/using-the-logo.html/../permissions/google-in-films-tv.html
Can not get content from the http://google.com/permissions/../permissions/using-the-logo.html/../permissions/sponsorships.html
Can not get content from the http://google.com/permissions/../permissions/using-the-logo.html/../permissions/trademark/
Can not get content from the http://google.com/permissions/../permissions/using-the-logo.html/../permissions/trademark/our-trademarks.html
Can not get content from the http://google.com/permissions/../permissions/using-the-logo.html/../permissions/trademark/rules.html
Can not get content from the http://google.com/permissions/../permissions/using-the-logo.html/../permissions/trademark/brand-terms.html
Can not get content from the http://google.com/permissions/../permissions/using-the-logo.html/../permissions/faq.html
Can not get content from the http://google.com/permissions/../permissions/using-product-graphics.html/../permissions/
Can not get content from the http://google.com/permissions/../permissions/using-product-graphics.html/../permissions/using-the-logo.html
Can not get content from the http://google.com/permissions/../permissions/using-product-graphics.html/../permissions/geoguidelines.html
Can not get content from the http://google.com/permissions/../permissions/using-product-graphics.html/../permissions/google-in-films-tv.html
Can not get content from the http://google.com/permissions/../permissions/using-product-graphics.html/../permissions/sponsorships.html
Can not get content from the http://google.com/permissions/../permissions/using-product-graphics.html/../permissions/trademark/
Can not get content from the http://google.com/permissions/../permissions/using-product-graphics.html/../permissions/trademark/our-trademarks.html
Can not get content from the http://google.com/permissions/../permissions/using-product-graphics.html/../permissions/trademark/rules.html
Can not get content from the http://google.com/permissions/../permissions/using-product-graphics.html/../permissions/trademark/brand-terms.html
Can not get content from the http://google.com/permissions/../permissions/using-product-graphics.html/../permissions/faq.html
Can not get content from the http://google.com/images/branding_permitted2.gif
Can not get content from the http://google.com/images/branding_permitted.gif
Can not get content from the http://google.com/images/branding_notpermitted.gif
Can not get content from the http://google.com/permissions/../permissions/geoguidelines.html/../permissions/
Can not get content from the http://google.com/permissions/../permissions/geoguidelines.html/../permissions/using-the-logo.html
Can not get content from the http://google.com/permissions/../permissions/geoguidelines.html/../permissions/using-product-graphics.html
Can not get content from the http://google.com/permissions/../permissions/geoguidelines.html/../permissions/google-in-films-tv.html
Can not get content from the http://google.com/permissions/../permissions/geoguidelines.html/../permissions/sponsorships.html
Can not get content from the http://google.com/permissions/../permissions/geoguidelines.html/../permissions/trademark/
Can not get content from the http://google.com/permissions/../permissions/geoguidelines.html/../permissions/trademark/our-trademarks.html
Can not get content from the http://google.com/permissions/../permissions/geoguidelines.html/../permissions/trademark/rules.html
Can not get content from the http://google.com/permissions/../permissions/geoguidelines.html/../permissions/trademark/brand-terms.html
Can not get content from the http://google.com/permissions/../permissions/geoguidelines.html/../permissions/faq.html
Can not get content from the http://google.com/permissions/../permissions/geoguidelines.html/../permissions/geoguidelines/attr-guide.html
Can not get content from the http://google.com/mailto:streetview-academic@google.com
Can not get content from the http://google.com/permissions/../permissions/google-in-films-tv.html/../permissions/
Can not get content from the http://google.com/permissions/../permissions/google-in-films-tv.html/../permissions/using-the-logo.html
Can not get content from the http://google.com/permissions/../permissions/google-in-films-tv.html/../permissions/using-product-graphics.html
Can not get content from the http://google.com/permissions/../permissions/google-in-films-tv.html/../permissions/geoguidelines.html
Can not get content from the http://google.com/permissions/../permissions/google-in-films-tv.html/../permissions/sponsorships.html
Can not get content from the http://google.com/permissions/../permissions/google-in-films-tv.html/../permissions/trademark/
Can not get content from the http://google.com/permissions/../permissions/google-in-films-tv.html/../permissions/trademark/our-trademarks.html
Can not get content from the http://google.com/permissions/../permissions/google-in-films-tv.html/../permissions/trademark/rules.html
Can not get content from the http://google.com/permissions/../permissions/google-in-films-tv.html/../permissions/trademark/brand-terms.html
Can not get content from the http://google.com/permissions/../permissions/google-in-films-tv.html/../permissions/faq.html
Can not get content from the http://google.com/www.google.com/chrome/browser/desktop/
Can not get content from the http://google.com/permissions/../permissions/sponsorships.html/../permissions/
Can not get content from the http://google.com/permissions/../permissions/sponsorships.html/../permissions/using-the-logo.html
Can not get content from the http://google.com/permissions/../permissions/sponsorships.html/../permissions/using-product-graphics.html
Can not get content from the http://google.com/permissions/../permissions/sponsorships.html/../permissions/geoguidelines.html
Can not get content from the http://google.com/permissions/../permissions/sponsorships.html/../permissions/google-in-films-tv.html
Can not get content from the http://google.com/permissions/../permissions/sponsorships.html/../permissions/trademark/
Can not get content from the http://google.com/permissions/../permissions/sponsorships.html/../permissions/trademark/our-trademarks.html
Can not get content from the http://google.com/permissions/../permissions/sponsorships.html/../permissions/trademark/rules.html
Can not get content from the http://google.com/permissions/../permissions/sponsorships.html/../permissions/trademark/brand-terms.html
Can not get content from the http://google.com/permissions/../permissions/sponsorships.html/../permissions/faq.html
Can not get content from the http://google.com/permissions/../permissions/trademark/our-trademarks.html/../../permissions/
Can not get content from the http://google.com/permissions/../permissions/trademark/our-trademarks.html/../../permissions/using-the-logo.html
Can not get content from the http://google.com/permissions/../permissions/trademark/our-trademarks.html/../../permissions/using-product-graphics.html
Can not get content from the http://google.com/permissions/../permissions/trademark/our-trademarks.html/../../permissions/geoguidelines.html
Can not get content from the http://google.com/permissions/../permissions/trademark/our-trademarks.html/../../permissions/google-in-films-tv.html
Can not get content from the http://google.com/permissions/../permissions/trademark/our-trademarks.html/../../permissions/sponsorships.html
Can not get content from the http://google.com/permissions/../permissions/trademark/our-trademarks.html/../../permissions/trademark/
Can not get content from the http://google.com/permissions/../permissions/trademark/our-trademarks.html/../../permissions/trademark/rules.html
Can not get content from the http://google.com/permissions/../permissions/trademark/our-trademarks.html/../../permissions/trademark/brand-terms.html
Can not get content from the http://google.com/permissions/../permissions/trademark/our-trademarks.html/../../permissions/faq.html
Can not get content from the http://google.com/permissions/../permissions/trademark/our-trademarks.html/../../permissions/trademark/trademark-list.html
Can not get content from the http://google.com/permissions/../permissions/trademark/our-trademarks.html/../../permissions/trademark/logos-list.html
Can not get content from the http://google.com/permissions/../permissions/trademark/rules.html/../../permissions/
Can not get content from the http://google.com/permissions/../permissions/trademark/rules.html/../../permissions/using-the-logo.html
Can not get content from the http://google.com/permissions/../permissions/trademark/rules.html/../../permissions/using-product-graphics.html
Can not get content from the http://google.com/permissions/../permissions/trademark/rules.html/../../permissions/geoguidelines.html
Can not get content from the http://google.com/permissions/../permissions/trademark/rules.html/../../permissions/google-in-films-tv.html
Can not get content from the http://google.com/permissions/../permissions/trademark/rules.html/../../permissions/sponsorships.html
Can not get content from the http://google.com/permissions/../permissions/trademark/rules.html/../../permissions/trademark/
Can not get content from the http://google.com/permissions/../permissions/trademark/rules.html/../../permissions/trademark/our-trademarks.html
Can not get content from the http://google.com/permissions/../permissions/trademark/rules.html/../../permissions/trademark/brand-terms.html
Can not get content from the http://google.com/permissions/../permissions/trademark/rules.html/../../permissions/faq.html
Can not get content from the http://google.com/permissions/../permissions/trademark/brand-terms.html/../../permissions/
Can not get content from the http://google.com/permissions/../permissions/trademark/brand-terms.html/../../permissions/using-the-logo.html
Can not get content from the http://google.com/permissions/../permissions/trademark/brand-terms.html/../../permissions/using-product-graphics.html
Can not get content from the http://google.com/permissions/../permissions/trademark/brand-terms.html/../../permissions/geoguidelines.html
Can not get content from the http://google.com/permissions/../permissions/trademark/brand-terms.html/../../permissions/google-in-films-tv.html
Can not get content from the http://google.com/permissions/../permissions/trademark/brand-terms.html/../../permissions/sponsorships.html
Can not get content from the http://google.com/permissions/../permissions/trademark/brand-terms.html/../../permissions/trademark/
Can not get content from the http://google.com/permissions/../permissions/trademark/brand-terms.html/../../permissions/trademark/our-trademarks.html
Can not get content from the http://google.com/permissions/../permissions/trademark/brand-terms.html/../../permissions/trademark/rules.html
Can not get content from the http://google.com/permissions/../permissions/trademark/brand-terms.html/../../permissions/faq.html
Can not get content from the http://google.com/permissions/../permissions/faq.html/../permissions/
Can not get content from the http://google.com/permissions/../permissions/faq.html/../permissions/using-the-logo.html
Can not get content from the http://google.com/permissions/../permissions/faq.html/../permissions/using-product-graphics.html
Can not get content from the http://google.com/permissions/../permissions/faq.html/../permissions/geoguidelines.html
Can not get content from the http://google.com/permissions/../permissions/faq.html/../permissions/google-in-films-tv.html
Can not get content from the http://google.com/permissions/../permissions/faq.html/../permissions/sponsorships.html
Can not get content from the http://google.com/permissions/../permissions/faq.html/../permissions/trademark/
Can not get content from the http://google.com/permissions/../permissions/faq.html/../permissions/trademark/our-trademarks.html
Can not get content from the http://google.com/permissions/../permissions/faq.html/../permissions/trademark/rules.html
Can not get content from the http://google.com/permissions/../permissions/faq.html/../permissions/trademark/brand-terms.html
Can not get content from the http://google.com/contact/../about/./our-company/./our-company/
Can not get content from the http://google.com/contact/../about/./our-company/./our-commitments/
Can not get content from the http://google.com/contact/../about/./our-company/./products/
Can not get content from the http://google.com/contact/../about/./our-company/./our-story/
Can not get content from the http://google.com/contact/../about/./our-company/./locations/
Can not get content from the http://google.com/contact/../about/./our-company/./appsecurity/
Can not get content from the http://google.com/contact/../about/./our-company/./software-principles.html
Can not get content from the http://google.com/contact/../about/./our-company/./unwanted-software-policy.html
Can not get content from the http://google.com/contact/../about/./our-company/./responsible-supply-chain/
Can not get content from the http://google.com/contact/../about/./our-commitments/./our-company/
Can not get content from the http://google.com/contact/../about/./our-commitments/./our-commitments/
Can not get content from the http://google.com/contact/../about/./our-commitments/./products/
Can not get content from the http://google.com/contact/../about/./our-commitments/./locations/
Can not get content from the http://google.com/contact/../about/./our-commitments/./appsecurity/
Can not get content from the http://google.com/contact/../about/./our-commitments/./software-principles.html
Can not get content from the http://google.com/contact/../about/./our-commitments/./unwanted-software-policy.html
Can not get content from the http://google.com/contact/../about/./our-commitments/./responsible-supply-chain/
Can not get content from the http://google.com/contact/../about/./products/./our-company/
Can not get content from the http://google.com/contact/../about/./products/./our-commitments/
Can not get content from the http://google.com/contact/../about/./products/./products/
Can not get content from the http://google.com/contact/../about/./products/./products/allo-duo/
Can not get content from the http://google.com/contact/../about/./products/./products/google-photos/
Can not get content from the http://google.com/contact/../about/./products/./products/search/
Can not get content from the http://google.com/contact/../about/./products/./locations/
Can not get content from the http://google.com/contact/../about/./products/./appsecurity/
Can not get content from the http://google.com/contact/../about/./products/./software-principles.html
Can not get content from the http://google.com/contact/../about/./products/./unwanted-software-policy.html
Can not get content from the http://google.com/contact/../about/./products/./responsible-supply-chain/
Can not get content from the http://google.com/contact/../about/./stories/soundwaves/./our-company/
Can not get content from the http://google.com/contact/../about/./stories/soundwaves/./our-commitments/
Can not get content from the http://google.com/contact/../about/./stories/soundwaves/./products/
Can not get content from the http://google.com/contact/../about/./stories/soundwaves/./stories/agoraphobic-traveller/
Can not get content from the http://google.com/contact/../about/./stories/soundwaves/./stories/bike-around/
Can not get content from the http://google.com/contact/../about/./stories/soundwaves/./stories/rainforest/
Can not get content from the http://google.com/contact/../about/./stories/soundwaves/./locations/
Can not get content from the http://google.com/contact/../about/./stories/soundwaves/./appsecurity/
Can not get content from the http://google.com/contact/../about/./stories/soundwaves/./software-principles.html
Can not get content from the http://google.com/contact/../about/./stories/soundwaves/./unwanted-software-policy.html
Can not get content from the http://google.com/contact/../about/./stories/soundwaves/./responsible-supply-chain/
Can not get content from the http://google.com/contact/../about/./stories/rainforest/./our-company/
Can not get content from the http://google.com/contact/../about/./stories/rainforest/./our-commitments/
Can not get content from the http://google.com/contact/../about/./stories/rainforest/./products/
Can not get content from the http://google.com/contact/../about/./stories/rainforest/./stories/eyes/
Can not get content from the http://google.com/contact/../about/./stories/rainforest/./stories/agoraphobic-traveller/
Can not get content from the http://google.com/contact/../about/./stories/rainforest/./stories/bike-around/
Can not get content from the http://google.com/contact/../about/./stories/rainforest/./locations/
Can not get content from the http://google.com/contact/../about/./stories/rainforest/./appsecurity/
Can not get content from the http://google.com/contact/../about/./stories/rainforest/./software-principles.html
